<?xml version="1.0" encoding="UTF-8"?>
<testng-results ignored="0" total="1" passed="1" failed="0" skipped="0">
  <reporter-output>
  </reporter-output>
  <suite started-at="2024-03-21T15:40:58 IST" name="Default suite" finished-at="2024-03-21T15:41:02 IST" duration-ms="3988">
    <groups>
    </groups>
    <test started-at="2024-03-21T15:40:58 IST" name="Default test" finished-at="2024-03-21T15:41:02 IST" duration-ms="3988">
      <class name="com.qa.tests.TestCase02">
        <test-method is-config="true" signature="setUp()[pri:0, instance:com.qa.tests.TestCase02@6e171cd7]" started-at="2024-03-21T15:40:58 IST" name="setUp" finished-at="2024-03-21T15:41:02 IST" duration-ms="3707" status="PASS">
          <reporter-output>
          </reporter-output>
        </test-method> <!-- setUp -->
        <test-method signature="TestCase_02_addingallitemsinCart()[pri:0, instance:com.qa.tests.TestCase02@6e171cd7]" started-at="2024-03-21T15:41:02 IST" name="TestCase_02_addingallitemsinCart" finished-at="2024-03-21T15:41:02 IST" duration-ms="193" status="PASS">
          <reporter-output>
          </reporter-output>
        </test-method> <!-- TestCase_02_addingallitemsinCart -->
        <test-method is-config="true" signature="tearDown()[pri:0, instance:com.qa.tests.TestCase02@6e171cd7]" started-at="2024-03-21T15:41:02 IST" name="tearDown" finished-at="2024-03-21T15:41:02 IST" duration-ms="68" status="PASS">
          <reporter-output>
          </reporter-output>
        </test-method> <!-- tearDown -->
      </class> <!-- com.qa.tests.TestCase02 -->
    </test> <!-- Default test -->
  </suite> <!-- Default suite -->
</testng-results>
